<?xml version="1.0" encoding="UTF-8"?>
<!-- Generated by org.testng.reporters.JUnitReportReporter -->
<testsuite hostname="DESKTOP-SJC3P4J" failures="0" tests="1" name="remoteTracking.dockerValidation.chromeTest2" time="39.316" errors="0" timestamp="2021-03-17T21:26:38 IST" skipped="0">
  <testcase classname="remoteTracking.dockerValidation.chromeTest2" name="test2" time="39.316"/>
  <system-out/>
</testsuite> <!-- remoteTracking.dockerValidation.chromeTest2 -->
