<?xml version="1.0" encoding="UTF-8"?>
<!-- Generated by org.testng.reporters.JUnitReportReporter -->
<testsuite hostname="DESKTOP-SJC3P4J" failures="0" tests="1" name="remoteTracking.dockerValidation.startDocker" time="30.028" errors="0" timestamp="2021-03-17T21:11:13 IST" skipped="0">
  <testcase classname="remoteTracking.dockerValidation.startDocker" name="startFile" time="30.028"/>
  <system-out/>
</testsuite> <!-- remoteTracking.dockerValidation.startDocker -->
