<?xml version="1.0" encoding="UTF-8"?>
<!-- Generated by org.testng.reporters.JUnitReportReporter -->
<testsuite skipped="1" hostname="DESKTOP-SJC3P4J" name="remoteTracking.dockerValidation.chromeTest2" tests="1" failures="0" timestamp="2021-03-17T22:51:44 IST" time="0.000" errors="0">
  <testcase name="test2" time="0.000" classname="remoteTracking.dockerValidation.chromeTest2">
    <skipped/>
  </testcase> <!-- test2 -->
  <system-out/>
</testsuite> <!-- remoteTracking.dockerValidation.chromeTest2 -->
