<?xml version="1.0" encoding="UTF-8"?>
<!-- Generated by org.testng.reporters.JUnitReportReporter -->
<testsuite skipped="1" hostname="DESKTOP-SJC3P4J" name="remoteTracking.dockerValidation.chromeTest3" tests="1" failures="0" timestamp="2021-03-17T22:51:44 IST" time="0.000" errors="0">
  <testcase name="test3" time="0.000" classname="remoteTracking.dockerValidation.chromeTest3">
    <skipped/>
  </testcase> <!-- test3 -->
  <system-out/>
</testsuite> <!-- remoteTracking.dockerValidation.chromeTest3 -->
